2021-07-12 14:23:15: influx: module was loaded
2021-07-12 14:23:15: Kalender: Modules was loaded
2021-07-12 14:23:15: mqtt: Modules was loaded
2021-07-12 14:23:15: ping: Modules was loaded
2021-07-12 14:23:16: System: Modules was loaded
2021-07-12 14:23:16: mongoose: Database connected
2021-07-12 14:23:20: mqtt: Client goes offline.
2021-07-12 14:23:20: mqtt: Die Verbidnung wurde geschlossen.
2021-07-12 14:23:39: mqtt: Die Verbidnung wurde geschlossen.
2021-07-12 14:23:41: influx: module was loaded
2021-07-12 14:23:41: Kalender: Modules was loaded
2021-07-12 14:23:42: mqtt: Modules was loaded
2021-07-12 14:23:42: ping: Modules was loaded
2021-07-12 14:23:42: System: Modules was loaded
2021-07-12 14:23:43: mongoose: Database connected
2021-07-12 14:23:46: mqtt: Client goes offline.
2021-07-12 14:23:46: mqtt: Die Verbidnung wurde geschlossen.
2021-07-12 14:24:05: mqtt: Die Verbidnung wurde geschlossen.
2021-07-12 14:24:21: influx: module was loaded
2021-07-12 14:24:21: Kalender: Modules was loaded
2021-07-12 14:24:21: mqtt: Modules was loaded
2021-07-12 14:24:21: ping: Modules was loaded
2021-07-12 14:24:22: System: Modules was loaded
2021-07-12 14:24:22: mongoose: Database connected
2021-07-12 14:24:26: mqtt: Client goes offline.
2021-07-12 14:24:26: mqtt: Die Verbidnung wurde geschlossen.
2021-07-12 14:26:06: influx: module was loaded
2021-07-12 14:26:06: Kalender: Modules was loaded
2021-07-12 14:26:06: mqtt: Modules was loaded
2021-07-12 14:26:06: ping: Modules was loaded
2021-07-12 14:26:07: System: Modules was loaded
2021-07-12 14:26:08: mongoose: Database connected
2021-07-12 14:26:11: mqtt: Client goes offline.
2021-07-12 14:26:11: mqtt: Die Verbidnung wurde geschlossen.
2021-07-12 14:26:27: ping: undefined
2021-07-12 14:26:27: ping: undefined
2021-07-12 14:26:27: ping: undefined
2021-07-12 14:26:27: ping: undefined
2021-07-12 14:26:27: ping: undefined
2021-07-12 14:26:30: mqtt: Die Verbidnung wurde geschlossen.
2021-07-12 14:26:43: influx: module was loaded
2021-07-12 14:26:43: Kalender: Modules was loaded
2021-07-12 14:26:43: mqtt: Modules was loaded
2021-07-12 14:26:43: ping: Modules was loaded
2021-07-12 14:26:44: System: Modules was loaded
2021-07-12 14:26:44: mongoose: Database connected
2021-07-12 14:27:05: influx: module was loaded
2021-07-12 14:27:05: Kalender: Modules was loaded
2021-07-12 14:27:06: mqtt: Modules was loaded
2021-07-12 14:27:06: ping: Modules was loaded
2021-07-12 14:27:06: System: Modules was loaded
2021-07-12 14:27:07: mongoose: Database connected
2021-07-12 14:27:25: influx: module was loaded
2021-07-12 14:27:25: Kalender: Modules was loaded
2021-07-12 14:27:26: mqtt: Modules was loaded
2021-07-12 14:27:26: ping: Modules was loaded
2021-07-12 14:27:26: System: Modules was loaded
2021-07-12 14:27:27: mongoose: Database connected
2021-07-12 14:27:30: mqtt: Client goes offline.
2021-07-12 14:27:30: mqtt: Die Verbidnung wurde geschlossen.
2021-07-12 14:27:34: influx: module was loaded
2021-07-12 14:27:34: Kalender: Modules was loaded
2021-07-12 14:27:34: mqtt: Modules was loaded
2021-07-12 14:27:34: ping: Modules was loaded
2021-07-12 14:27:35: System: Modules was loaded
2021-07-12 14:27:36: mongoose: Database connected
2021-07-12 14:27:39: mqtt: Client goes offline.
2021-07-12 14:27:39: mqtt: Die Verbidnung wurde geschlossen.
2021-07-12 14:27:55: ping: undefined
2021-07-12 14:27:55: ping: undefined
2021-07-12 14:27:55: ping: undefined
2021-07-12 14:27:55: ping: undefined
2021-07-12 14:27:55: ping: undefined
2021-07-12 14:28:38: influx: module was loaded
2021-07-12 14:28:38: Kalender: Modules was loaded
2021-07-12 14:28:38: mqtt: Modules was loaded
2021-07-12 14:28:38: ping: Modules was loaded
2021-07-12 14:28:39: System: Modules was loaded
2021-07-12 14:28:39: mongoose: Database connected
2021-07-12 14:28:43: mqtt: Client goes offline.
2021-07-12 14:28:43: mqtt: Die Verbidnung wurde geschlossen.
2021-07-12 14:28:59: ping: undefined
2021-07-12 14:28:59: ping: undefined
2021-07-12 14:28:59: ping: undefined
2021-07-12 14:28:59: ping: undefined
2021-07-12 14:28:59: ping: undefined
2021-07-12 14:29:02: mqtt: Die Verbidnung wurde geschlossen.
2021-07-12 14:30:12: influx: module was loaded
2021-07-12 14:30:12: Kalender: Modules was loaded
2021-07-12 14:30:12: mqtt: Modules was loaded
2021-07-12 14:30:12: ping: Modules was loaded
2021-07-12 14:30:13: System: Modules was loaded
2021-07-12 14:30:14: mongoose: Database connected
2021-07-12 14:30:17: mqtt: Client goes offline.
2021-07-12 14:30:17: mqtt: Die Verbidnung wurde geschlossen.
2021-07-12 14:30:33: ping: undefined
2021-07-12 14:30:33: ping: undefined
2021-07-12 14:30:33: ping: undefined
2021-07-12 14:30:33: ping: undefined
2021-07-12 14:30:33: ping: undefined
2021-07-12 14:30:36: mqtt: Die Verbidnung wurde geschlossen.
2021-07-12 14:30:55: mqtt: Die Verbidnung wurde geschlossen.
2021-07-12 14:31:15: mqtt: Die Verbidnung wurde geschlossen.
2021-07-12 14:32:51: influx: module was loaded
2021-07-12 14:32:51: Kalender: Modules was loaded
2021-07-12 14:32:52: mqtt: Modules was loaded
2021-07-12 14:32:52: ping: Modules was loaded
2021-07-12 14:32:52: System: Modules was loaded
2021-07-12 14:32:55: mongoose: Database connected
2021-07-12 14:32:56: mqtt: Client goes offline.
2021-07-12 14:32:56: mqtt: Die Verbidnung wurde geschlossen.
2021-07-12 14:33:01: influx: module was loaded
2021-07-12 14:33:01: Kalender: Modules was loaded
2021-07-12 14:33:01: mqtt: Modules was loaded
2021-07-12 14:33:01: ping: Modules was loaded
2021-07-12 14:33:02: System: Modules was loaded
2021-07-12 14:33:04: mongoose: Database connected
2021-07-12 14:33:06: mqtt: Client goes offline.
2021-07-12 14:33:06: mqtt: Die Verbidnung wurde geschlossen.
2021-07-12 14:33:25: influx: module was loaded
2021-07-12 14:33:25: Kalender: Modules was loaded
2021-07-12 14:33:25: mqtt: Modules was loaded
2021-07-12 14:33:25: ping: Modules was loaded
2021-07-12 14:33:26: System: Modules was loaded
2021-07-12 14:33:27: mongoose: Database connected
2021-07-12 14:33:30: mqtt: Client goes offline.
2021-07-12 14:33:30: mqtt: Die Verbidnung wurde geschlossen.
2021-07-12 14:36:20: influx: module was loaded
2021-07-12 14:36:20: Kalender: Modules was loaded
2021-07-12 14:36:20: mqtt: Modules was loaded
2021-07-12 14:36:20: ping: Modules was loaded
2021-07-12 14:36:21: System: Modules was loaded
2021-07-12 14:36:21: mongoose: Database connected
2021-07-12 14:36:25: mqtt: Client goes offline.
2021-07-12 14:36:25: mqtt: Die Verbidnung wurde geschlossen.
2021-07-12 14:36:33: influx: module was loaded
2021-07-12 14:36:33: Kalender: Modules was loaded
2021-07-12 14:36:33: mqtt: Modules was loaded
2021-07-12 14:36:33: ping: Modules was loaded
2021-07-12 14:36:34: System: Modules was loaded
2021-07-12 14:36:35: mongoose: Database connected
2021-07-12 14:36:38: mqtt: Client goes offline.
2021-07-12 14:36:38: mqtt: Die Verbidnung wurde geschlossen.
2021-07-12 14:36:57: mqtt: Die Verbidnung wurde geschlossen.
2021-07-12 14:37:14: influx: module was loaded
2021-07-12 14:37:14: Kalender: Modules was loaded
2021-07-12 14:37:14: mqtt: Modules was loaded
2021-07-12 14:37:14: ping: Modules was loaded
2021-07-12 14:37:15: System: Modules was loaded
2021-07-12 14:37:16: mongoose: Database connected
2021-07-12 14:37:19: mqtt: Client goes offline.
2021-07-12 14:37:19: mqtt: Die Verbidnung wurde geschlossen.
2021-07-12 14:37:38: mqtt: Die Verbidnung wurde geschlossen.
2021-07-12 14:37:39: influx: module was loaded
2021-07-12 14:37:39: Kalender: Modules was loaded
2021-07-12 14:37:40: mqtt: Modules was loaded
2021-07-12 14:37:40: ping: Modules was loaded
2021-07-12 14:37:40: System: Modules was loaded
2021-07-12 14:37:45: mqtt: Client goes offline.
2021-07-12 14:37:45: mqtt: Die Verbidnung wurde geschlossen.
2021-07-12 14:37:45: influx: module was loaded
2021-07-12 14:37:45: Kalender: Modules was loaded
2021-07-12 14:37:46: mqtt: Modules was loaded
2021-07-12 14:37:46: ping: Modules was loaded
2021-07-12 14:37:46: System: Modules was loaded
2021-07-12 14:37:50: mqtt: Client goes offline.
2021-07-12 14:37:50: mqtt: Die Verbidnung wurde geschlossen.
2021-07-12 14:37:52: influx: module was loaded
2021-07-12 14:37:52: Kalender: Modules was loaded
2021-07-12 14:37:52: mqtt: Modules was loaded
2021-07-12 14:37:53: ping: Modules was loaded
2021-07-12 14:37:53: System: Modules was loaded
2021-07-12 14:37:57: mqtt: Client goes offline.
2021-07-12 14:37:57: mqtt: Die Verbidnung wurde geschlossen.
2021-07-12 14:37:58: mongoose: Database connected
2021-07-12 14:38:16: mqtt: Die Verbidnung wurde geschlossen.
2021-07-12 14:38:19: influx: module was loaded
2021-07-12 14:38:19: Kalender: Modules was loaded
2021-07-12 14:38:19: mqtt: Modules was loaded
2021-07-12 14:38:19: ping: Modules was loaded
2021-07-12 14:38:20: System: Modules was loaded
2021-07-12 14:38:20: mongoose: Database connected
2021-07-12 14:38:24: mqtt: Client goes offline.
2021-07-12 14:38:24: mqtt: Die Verbidnung wurde geschlossen.
2021-07-12 14:40:24: influx: module was loaded
2021-07-12 14:40:24: Kalender: Modules was loaded
2021-07-12 14:40:24: mqtt: Modules was loaded
2021-07-12 14:40:24: ping: Modules was loaded
2021-07-12 14:40:25: System: Modules was loaded
2021-07-12 14:40:26: mongoose: Database connected
2021-07-12 14:40:29: mqtt: Client goes offline.
2021-07-12 14:40:29: mqtt: Die Verbidnung wurde geschlossen.
2021-07-12 14:40:48: mqtt: Die Verbidnung wurde geschlossen.
2021-07-12 14:40:49: influx: module was loaded
2021-07-12 14:40:49: Kalender: Modules was loaded
2021-07-12 14:40:49: mqtt: Modules was loaded
2021-07-12 14:40:49: ping: Modules was loaded
2021-07-12 14:40:50: System: Modules was loaded
2021-07-12 14:40:51: mongoose: Database connected
2021-07-12 14:40:54: mqtt: Client goes offline.
2021-07-12 14:40:54: mqtt: Die Verbidnung wurde geschlossen.
2021-07-13 01:39:19: influx: module was loaded
2021-07-13 01:39:19: Kalender: Modules was loaded
2021-07-13 01:39:22: mqtt: Modules was loaded
2021-07-13 01:39:23: ping: Modules was loaded
2021-07-13 01:39:26: System: Modules was loaded
2021-07-13 01:39:26: mqtt: Die Verbindung wurde hergestellt.
2021-07-13 01:39:27: mongoose: Database connected
2021-07-13 01:44:07: influx: module was loaded
2021-07-13 01:44:07: Kalender: Modules was loaded
2021-07-13 01:44:08: mqtt: Modules was loaded
2021-07-13 01:44:08: ping: Modules was loaded
2021-07-13 01:44:09: System: Modules was loaded
2021-07-13 01:44:09: mqtt: Die Verbindung wurde hergestellt.
2021-07-13 01:44:09: mongoose: Database connected
2021-07-13 02:07:55: influx: module was loaded
2021-07-13 02:07:55: Kalender: Modules was loaded
2021-07-13 02:07:55: mqtt: Modules was loaded
2021-07-13 02:07:55: ping: Modules was loaded
2021-07-13 02:07:57: System: Modules was loaded
2021-07-13 02:07:57: mqtt: Die Verbindung wurde hergestellt.
2021-07-13 02:07:57: mongoose: Database connected
2021-07-13 02:08:19: influx: module was loaded
2021-07-13 02:08:19: Kalender: Modules was loaded
2021-07-13 02:08:20: mqtt: Modules was loaded
2021-07-13 02:08:20: ping: Modules was loaded
2021-07-13 02:08:21: System: Modules was loaded
2021-07-13 02:08:21: mqtt: Die Verbindung wurde hergestellt.
2021-07-13 02:08:21: mongoose: Database connected
2021-07-13 02:09:45: influx: module was loaded
2021-07-13 02:09:45: Kalender: Modules was loaded
2021-07-13 02:09:46: mqtt: Modules was loaded
2021-07-13 02:09:46: ping: Modules was loaded
2021-07-13 02:09:47: System: Modules was loaded
2021-07-13 02:09:47: mqtt: Die Verbindung wurde hergestellt.
2021-07-13 02:09:48: mongoose: Database connected
2021-07-13 02:10:05: influx: module was loaded
2021-07-13 02:10:05: Kalender: Modules was loaded
2021-07-13 02:10:05: mqtt: Modules was loaded
2021-07-13 02:10:05: ping: Modules was loaded
2021-07-13 02:10:07: System: Modules was loaded
2021-07-13 02:10:07: mqtt: Die Verbindung wurde hergestellt.
2021-07-13 02:10:07: mongoose: Database connected
2021-07-13 02:10:27: influx: module was loaded
2021-07-13 02:10:27: Kalender: Modules was loaded
2021-07-13 02:10:28: mqtt: Modules was loaded
2021-07-13 02:10:28: ping: Modules was loaded
2021-07-13 02:10:29: System: Modules was loaded
2021-07-13 02:10:29: mqtt: Die Verbindung wurde hergestellt.
2021-07-13 02:10:29: mongoose: Database connected
2021-07-13 02:10:33: influx: module was loaded
2021-07-13 02:10:33: Kalender: Modules was loaded
2021-07-13 02:10:34: mqtt: Modules was loaded
2021-07-13 02:10:34: ping: Modules was loaded
2021-07-13 02:10:35: System: Modules was loaded
2021-07-13 02:10:35: mqtt: Die Verbindung wurde hergestellt.
2021-07-13 02:10:35: mongoose: Database connected
2021-07-13 02:10:42: influx: module was loaded
2021-07-13 02:10:42: Kalender: Modules was loaded
2021-07-13 02:10:43: mqtt: Modules was loaded
2021-07-13 02:10:43: ping: Modules was loaded
2021-07-13 02:10:44: System: Modules was loaded
2021-07-13 02:10:44: mqtt: Die Verbindung wurde hergestellt.
2021-07-13 02:10:44: mongoose: Database connected
2021-07-13 02:12:01: influx: module was loaded
2021-07-13 02:12:01: Kalender: Modules was loaded
2021-07-13 02:12:02: mqtt: Modules was loaded
2021-07-13 02:12:02: ping: Modules was loaded
2021-07-13 02:12:03: System: Modules was loaded
2021-07-13 02:12:03: mqtt: Die Verbindung wurde hergestellt.
2021-07-13 02:12:04: mongoose: Database connected
2021-07-13 15:11:05: influx: module was loaded
2021-07-13 15:11:05: Kalender: Modules was loaded
2021-07-13 15:11:06: mqtt: Modules was loaded
2021-07-13 15:11:06: ping: Modules was loaded
2021-07-13 15:11:10: System: Modules was loaded
2021-07-13 15:11:10: mqtt: Die Verbindung wurde hergestellt.
2021-07-13 15:11:10: mongoose: Database connected
2021-07-13 15:11:42: influx: module was loaded
2021-07-13 15:11:43: Kalender: Modules was loaded
2021-07-13 15:11:43: mqtt: Modules was loaded
2021-07-13 15:11:43: ping: Modules was loaded
2021-07-13 15:11:44: System: Modules was loaded
2021-07-13 15:11:44: ping: Hostname: DockerHost, Online: true, Ping: 0.000, PacketLoss: 0.000
2021-07-13 15:11:44: ping: DockerHost ist online
2021-07-13 15:11:44: ping: Hostname: FreeNas, Online: true, Ping: 0.000, PacketLoss: 0.000
2021-07-13 15:11:44: ping: FreeNas ist online
2021-07-13 15:11:44: ping: Hostname: AltbauHomy, Online: true, Ping: 1.000, PacketLoss: 0.000
2021-07-13 15:11:44: ping: AltbauHomy ist online
2021-07-13 15:11:44: mqtt: Die Verbindung wurde hergestellt.
2021-07-13 15:11:44: ping: Hostname: OctoEnder, Online: true, Ping: 13.000, PacketLoss: 0.000
2021-07-13 15:11:44: ping: OctoEnder ist online
2021-07-13 15:11:44: ping: Hostname: Homy, Online: true, Ping: 80.000, PacketLoss: 0.000
2021-07-13 15:11:44: ping: Homy ist online
2021-07-13 15:11:45: mongoose: Database connected
2021-07-13 15:11:45: ping: Hostname: AltbauHomy, Online: true, Ping: 0.000, PacketLoss: 0.000
2021-07-13 15:11:45: ping: AltbauHomy ist online
2021-07-13 15:11:45: ping: Hostname: FreeNas, Online: true, Ping: 0.000, PacketLoss: 0.000
2021-07-13 15:11:45: ping: FreeNas ist online
2021-07-13 15:11:45: ping: Hostname: DockerHost, Online: true, Ping: 0.000, PacketLoss: 0.000
2021-07-13 15:11:45: ping: DockerHost ist online
2021-07-13 15:11:45: ping: Hostname: Homy, Online: true, Ping: 3.000, PacketLoss: 0.000
2021-07-13 15:11:45: ping: Homy ist online
2021-07-13 15:11:45: ping: Hostname: OctoEnder, Online: true, Ping: 5.000, PacketLoss: 0.000
2021-07-13 15:11:45: ping: OctoEnder ist online
2021-07-13 15:11:46: ping: Hostname: FreeNas, Online: true, Ping: 0.000, PacketLoss: 0.000
2021-07-13 15:11:46: ping: FreeNas ist online
2021-07-13 15:11:46: ping: Hostname: AltbauHomy, Online: true, Ping: 1.000, PacketLoss: 0.000
2021-07-13 15:11:46: ping: AltbauHomy ist online
2021-07-13 15:11:46: ping: Hostname: DockerHost, Online: true, Ping: 0.000, PacketLoss: 0.000
2021-07-13 15:11:46: ping: DockerHost ist online
2021-07-13 15:11:46: ping: Hostname: Homy, Online: true, Ping: 4.000, PacketLoss: 0.000
2021-07-13 15:11:46: ping: Homy ist online
2021-07-13 15:11:46: ping: Hostname: OctoEnder, Online: true, Ping: 5.000, PacketLoss: 0.000
2021-07-13 15:11:46: ping: OctoEnder ist online
2021-07-13 15:11:47: ping: Hostname: AltbauHomy, Online: true, Ping: 0.000, PacketLoss: 0.000
2021-07-13 15:11:47: ping: AltbauHomy ist online
2021-07-13 15:11:47: ping: Hostname: FreeNas, Online: true, Ping: 0.000, PacketLoss: 0.000
2021-07-13 15:11:47: ping: FreeNas ist online
2021-07-13 15:11:47: ping: Hostname: DockerHost, Online: true, Ping: 0.000, PacketLoss: 0.000
2021-07-13 15:11:47: ping: DockerHost ist online
2021-07-13 15:11:47: ping: Hostname: Homy, Online: true, Ping: 3.000, PacketLoss: 0.000
2021-07-13 15:11:47: ping: Homy ist online
2021-07-13 15:11:47: ping: Hostname: OctoEnder, Online: true, Ping: 5.000, PacketLoss: 0.000
2021-07-13 15:11:47: ping: OctoEnder ist online
2021-07-13 15:11:48: ping: Hostname: FreeNas, Online: true, Ping: 1.000, PacketLoss: 0.000
2021-07-13 15:11:48: ping: FreeNas ist online
2021-07-13 15:11:48: ping: Hostname: AltbauHomy, Online: true, Ping: 0.000, PacketLoss: 0.000
2021-07-13 15:11:48: ping: AltbauHomy ist online
2021-07-13 15:11:48: ping: Hostname: DockerHost, Online: true, Ping: 0.000, PacketLoss: 0.000
2021-07-13 15:11:48: ping: DockerHost ist online
2021-07-13 15:11:48: ping: Hostname: Homy, Online: true, Ping: 4.000, PacketLoss: 0.000
2021-07-13 15:11:48: ping: Homy ist online
2021-07-13 15:11:48: ping: Hostname: OctoEnder, Online: true, Ping: 2.000, PacketLoss: 0.000
2021-07-13 15:11:48: ping: OctoEnder ist online
2021-07-13 15:11:49: ping: Hostname: FreeNas, Online: true, Ping: 0.000, PacketLoss: 0.000
2021-07-13 15:11:49: ping: FreeNas ist online
2021-07-13 15:11:49: ping: Hostname: AltbauHomy, Online: true, Ping: 0.000, PacketLoss: 0.000
2021-07-13 15:11:49: ping: AltbauHomy ist online
2021-07-13 15:11:49: ping: Hostname: DockerHost, Online: true, Ping: 2.000, PacketLoss: 0.000
2021-07-13 15:11:49: ping: DockerHost ist online
2021-07-13 15:11:49: ping: Hostname: Homy, Online: true, Ping: 4.000, PacketLoss: 0.000
2021-07-13 15:11:49: ping: Homy ist online
2021-07-13 15:11:49: ping: Hostname: OctoEnder, Online: true, Ping: 5.000, PacketLoss: 0.000
2021-07-13 15:11:49: ping: OctoEnder ist online
2021-07-13 15:11:50: ping: Hostname: FreeNas, Online: true, Ping: 0.000, PacketLoss: 0.000
2021-07-13 15:11:50: ping: FreeNas ist online
2021-07-13 15:11:50: ping: Hostname: AltbauHomy, Online: true, Ping: 1.000, PacketLoss: 0.000
2021-07-13 15:11:50: ping: AltbauHomy ist online
2021-07-13 15:11:50: ping: Hostname: DockerHost, Online: true, Ping: 3.000, PacketLoss: 0.000
2021-07-13 15:11:50: ping: DockerHost ist online
2021-07-13 15:11:50: ping: Hostname: Homy, Online: true, Ping: 5.000, PacketLoss: 0.000
2021-07-13 15:11:50: ping: Homy ist online
2021-07-13 15:11:50: ping: Hostname: OctoEnder, Online: true, Ping: 5.000, PacketLoss: 0.000
2021-07-13 15:11:50: ping: OctoEnder ist online
2021-07-13 15:11:51: ping: Hostname: FreeNas, Online: true, Ping: 0.000, PacketLoss: 0.000
2021-07-13 15:11:51: ping: FreeNas ist online
2021-07-13 15:11:51: ping: Hostname: AltbauHomy, Online: true, Ping: 0.000, PacketLoss: 0.000
2021-07-13 15:11:51: ping: AltbauHomy ist online
2021-07-13 15:11:51: ping: Hostname: DockerHost, Online: true, Ping: 1.000, PacketLoss: 0.000
2021-07-13 15:11:51: ping: DockerHost ist online
2021-07-13 15:11:51: ping: Hostname: Homy, Online: true, Ping: 8.000, PacketLoss: 0.000
2021-07-13 15:11:51: ping: Homy ist online
2021-07-13 15:11:51: ping: Hostname: OctoEnder, Online: true, Ping: 5.000, PacketLoss: 0.000
2021-07-13 15:11:51: ping: OctoEnder ist online
2021-07-13 15:11:52: ping: Hostname: FreeNas, Online: true, Ping: 1.000, PacketLoss: 0.000
2021-07-13 15:11:52: ping: FreeNas ist online
2021-07-13 15:11:52: ping: Hostname: AltbauHomy, Online: true, Ping: 0.000, PacketLoss: 0.000
2021-07-13 15:11:52: ping: AltbauHomy ist online
2021-07-13 15:11:52: ping: Hostname: DockerHost, Online: true, Ping: 0.000, PacketLoss: 0.000
2021-07-13 15:11:52: ping: DockerHost ist online
2021-07-13 15:11:52: ping: Hostname: Homy, Online: true, Ping: 3.000, PacketLoss: 0.000
2021-07-13 15:11:52: ping: Homy ist online
2021-07-13 15:11:52: ping: Hostname: OctoEnder, Online: true, Ping: 13.000, PacketLoss: 0.000
2021-07-13 15:11:52: ping: OctoEnder ist online
2021-07-13 15:11:53: ping: Hostname: FreeNas, Online: true, Ping: 0.000, PacketLoss: 0.000
2021-07-13 15:11:53: ping: FreeNas ist online
2021-07-13 15:11:53: ping: Hostname: AltbauHomy, Online: true, Ping: 2.000, PacketLoss: 0.000
2021-07-13 15:11:53: ping: AltbauHomy ist online
2021-07-13 15:11:53: ping: Hostname: DockerHost, Online: true, Ping: 0.000, PacketLoss: 0.000
2021-07-13 15:11:53: ping: DockerHost ist online
2021-07-13 15:11:53: ping: Hostname: Homy, Online: true, Ping: 4.000, PacketLoss: 0.000
2021-07-13 15:11:53: ping: Homy ist online
2021-07-13 15:11:53: ping: Hostname: OctoEnder, Online: true, Ping: 3.000, PacketLoss: 0.000
2021-07-13 15:11:53: ping: OctoEnder ist online
2021-07-13 15:11:54: ping: Hostname: AltbauHomy, Online: true, Ping: 0.000, PacketLoss: 0.000
2021-07-13 15:11:54: ping: AltbauHomy ist online
2021-07-13 15:11:54: ping: Hostname: FreeNas, Online: true, Ping: 2.000, PacketLoss: 0.000
2021-07-13 15:11:54: ping: FreeNas ist online
2021-07-13 15:11:54: ping: Hostname: DockerHost, Online: true, Ping: 1.000, PacketLoss: 0.000
2021-07-13 15:11:54: ping: DockerHost ist online
2021-07-13 15:11:54: ping: Hostname: Homy, Online: true, Ping: 4.000, PacketLoss: 0.000
2021-07-13 15:11:54: ping: Homy ist online
2021-07-13 15:11:54: ping: Hostname: OctoEnder, Online: true, Ping: 11.000, PacketLoss: 0.000
2021-07-13 15:11:54: ping: OctoEnder ist online
2021-07-13 15:11:55: ping: Hostname: FreeNas, Online: true, Ping: 0.000, PacketLoss: 0.000
2021-07-13 15:11:55: ping: FreeNas ist online
2021-07-13 15:11:55: ping: Hostname: AltbauHomy, Online: true, Ping: 0.000, PacketLoss: 0.000
2021-07-13 15:11:55: ping: AltbauHomy ist online
2021-07-13 15:11:55: ping: Hostname: DockerHost, Online: true, Ping: 0.000, PacketLoss: 0.000
2021-07-13 15:11:55: ping: DockerHost ist online
2021-07-13 15:11:55: ping: Hostname: Homy, Online: true, Ping: 5.000, PacketLoss: 0.000
2021-07-13 15:11:55: ping: Homy ist online
2021-07-13 15:11:55: ping: Hostname: OctoEnder, Online: true, Ping: 2.000, PacketLoss: 0.000
2021-07-13 15:11:55: ping: OctoEnder ist online
2021-07-13 15:11:56: ping: Hostname: FreeNas, Online: true, Ping: 2.000, PacketLoss: 0.000
2021-07-13 15:11:56: ping: FreeNas ist online
2021-07-13 15:11:56: ping: Hostname: AltbauHomy, Online: true, Ping: 0.000, PacketLoss: 0.000
2021-07-13 15:11:56: ping: AltbauHomy ist online
2021-07-13 15:11:56: ping: Hostname: DockerHost, Online: true, Ping: 0.000, PacketLoss: 0.000
2021-07-13 15:11:56: ping: DockerHost ist online
2021-07-13 15:11:56: ping: Hostname: Homy, Online: true, Ping: 4.000, PacketLoss: 0.000
2021-07-13 15:11:56: ping: Homy ist online
2021-07-13 15:11:56: ping: Hostname: OctoEnder, Online: true, Ping: 8.000, PacketLoss: 0.000
2021-07-13 15:11:56: ping: OctoEnder ist online
2021-07-13 15:11:57: ping: Hostname: FreeNas, Online: true, Ping: 0.000, PacketLoss: 0.000
2021-07-13 15:11:57: ping: FreeNas ist online
2021-07-13 15:11:57: ping: Hostname: AltbauHomy, Online: true, Ping: 0.000, PacketLoss: 0.000
2021-07-13 15:11:57: ping: AltbauHomy ist online
2021-07-13 15:11:57: ping: Hostname: DockerHost, Online: true, Ping: 0.000, PacketLoss: 0.000
2021-07-13 15:11:57: ping: DockerHost ist online
2021-07-13 15:11:57: ping: Hostname: Homy, Online: true, Ping: 4.000, PacketLoss: 0.000
2021-07-13 15:11:57: ping: Homy ist online
2021-07-13 15:11:57: ping: Hostname: OctoEnder, Online: true, Ping: 4.000, PacketLoss: 0.000
2021-07-13 15:11:57: ping: OctoEnder ist online
2021-07-13 15:11:58: ping: Hostname: FreeNas, Online: true, Ping: 0.000, PacketLoss: 0.000
2021-07-13 15:11:58: ping: FreeNas ist online
2021-07-13 15:11:58: ping: Hostname: AltbauHomy, Online: true, Ping: 0.000, PacketLoss: 0.000
2021-07-13 15:11:58: ping: AltbauHomy ist online
2021-07-13 15:11:58: ping: Hostname: DockerHost, Online: true, Ping: 0.000, PacketLoss: 0.000
2021-07-13 15:11:58: ping: DockerHost ist online
2021-07-13 15:11:58: ping: Hostname: Homy, Online: true, Ping: 5.000, PacketLoss: 0.000
2021-07-13 15:11:58: ping: Homy ist online
2021-07-13 15:11:58: ping: Hostname: OctoEnder, Online: true, Ping: 9.000, PacketLoss: 0.000
2021-07-13 15:11:58: ping: OctoEnder ist online
2021-07-13 15:11:59: ping: Hostname: FreeNas, Online: true, Ping: 1.000, PacketLoss: 0.000
2021-07-13 15:11:59: ping: FreeNas ist online
2021-07-13 15:11:59: ping: Hostname: AltbauHomy, Online: true, Ping: 1.000, PacketLoss: 0.000
2021-07-13 15:11:59: ping: AltbauHomy ist online
2021-07-13 15:11:59: ping: Hostname: DockerHost, Online: true, Ping: 0.000, PacketLoss: 0.000
2021-07-13 15:11:59: ping: DockerHost ist online
2021-07-13 15:11:59: ping: Hostname: Homy, Online: true, Ping: 8.000, PacketLoss: 0.000
2021-07-13 15:11:59: ping: Homy ist online
2021-07-13 15:11:59: ping: Hostname: OctoEnder, Online: true, Ping: 5.000, PacketLoss: 0.000
2021-07-13 15:11:59: ping: OctoEnder ist online
2021-07-13 15:12:00: ping: Hostname: AltbauHomy, Online: true, Ping: 0.000, PacketLoss: 0.000
2021-07-13 15:12:00: ping: AltbauHomy ist online
2021-07-13 15:12:00: ping: Hostname: FreeNas, Online: true, Ping: 0.000, PacketLoss: 0.000
2021-07-13 15:12:00: ping: FreeNas ist online
2021-07-13 15:12:00: ping: Hostname: DockerHost, Online: true, Ping: 0.000, PacketLoss: 0.000
2021-07-13 15:12:00: ping: DockerHost ist online
2021-07-13 15:12:00: ping: Hostname: Homy, Online: true, Ping: 7.000, PacketLoss: 0.000
2021-07-13 15:12:00: ping: Homy ist online
2021-07-13 15:12:00: ping: Hostname: OctoEnder, Online: true, Ping: 8.000, PacketLoss: 0.000
2021-07-13 15:12:00: ping: OctoEnder ist online
2021-07-13 15:12:01: ping: Hostname: AltbauHomy, Online: true, Ping: 0.000, PacketLoss: 0.000
2021-07-13 15:12:01: ping: AltbauHomy ist online
2021-07-13 15:12:01: ping: Hostname: FreeNas, Online: true, Ping: 0.000, PacketLoss: 0.000
2021-07-13 15:12:01: ping: FreeNas ist online
2021-07-13 15:12:01: ping: Hostname: DockerHost, Online: true, Ping: 0.000, PacketLoss: 0.000
2021-07-13 15:12:02: ping: DockerHost ist online
2021-07-13 15:12:02: ping: Hostname: Homy, Online: true, Ping: 4.000, PacketLoss: 0.000
2021-07-13 15:12:02: ping: Homy ist online
2021-07-13 15:12:02: ping: Hostname: OctoEnder, Online: true, Ping: 5.000, PacketLoss: 0.000
2021-07-13 15:12:02: ping: OctoEnder ist online
2021-07-13 15:12:03: ping: Hostname: FreeNas, Online: true, Ping: 0.000, PacketLoss: 0.000
2021-07-13 15:12:03: ping: FreeNas ist online
2021-07-13 15:12:03: ping: Hostname: AltbauHomy, Online: true, Ping: 0.000, PacketLoss: 0.000
2021-07-13 15:12:03: ping: AltbauHomy ist online
2021-07-13 15:12:03: ping: Hostname: DockerHost, Online: true, Ping: 0.000, PacketLoss: 0.000
2021-07-13 15:12:03: ping: DockerHost ist online
2021-07-13 15:12:03: ping: Hostname: Homy, Online: true, Ping: 5.000, PacketLoss: 0.000
2021-07-13 15:12:03: ping: Homy ist online
2021-07-13 15:12:03: ping: Hostname: OctoEnder, Online: true, Ping: 7.000, PacketLoss: 0.000
2021-07-13 15:12:03: ping: OctoEnder ist online
2021-07-13 17:00:11: influx: module was loaded
2021-07-13 17:00:11: Kalender: Modules was loaded
2021-07-13 17:00:12: mqtt: Modules was loaded
2021-07-13 17:00:12: ping: Modules was loaded
2021-07-13 17:00:14: System: Modules was loaded
2021-07-13 17:00:14: mqtt: Die Verbindung wurde hergestellt.
2021-07-13 17:00:14: mongoose: Database connected
2021-07-13 17:02:21: influx: module was loaded
2021-07-13 17:02:21: Kalender: Modules was loaded
2021-07-13 17:02:21: mqtt: Modules was loaded
2021-07-13 17:02:21: ping: Modules was loaded
2021-07-13 17:02:22: System: Modules was loaded
2021-07-13 17:02:23: mqtt: Die Verbindung wurde hergestellt.
2021-07-13 17:02:23: mongoose: Database connected
2021-07-13 17:02:27: influx: module was loaded
2021-07-13 17:02:27: Kalender: Modules was loaded
2021-07-13 17:02:27: mqtt: Modules was loaded
2021-07-13 17:02:27: ping: Modules was loaded
2021-07-13 17:02:28: System: Modules was loaded
2021-07-13 17:02:28: mqtt: Die Verbindung wurde hergestellt.
2021-07-13 17:02:29: mongoose: Database connected
2021-07-13 17:03:06: influx: module was loaded
2021-07-13 17:03:06: Kalender: Modules was loaded
2021-07-13 17:03:06: mqtt: Modules was loaded
2021-07-13 17:03:06: ping: Modules was loaded
2021-07-13 17:03:08: System: Modules was loaded
2021-07-13 17:03:08: mqtt: Die Verbindung wurde hergestellt.
2021-07-13 17:03:08: mongoose: Database connected
2021-07-13 17:03:09: Sensor: [object Object]
2021-07-13 17:03:28: influx: module was loaded
2021-07-13 17:03:28: Kalender: Modules was loaded
2021-07-13 17:03:29: mqtt: Modules was loaded
2021-07-13 17:03:29: ping: Modules was loaded
2021-07-13 17:03:30: System: Modules was loaded
2021-07-13 17:03:30: mqtt: Die Verbindung wurde hergestellt.
2021-07-13 17:03:30: mongoose: Database connected
2021-07-13 17:03:55: influx: module was loaded
2021-07-13 17:03:55: Kalender: Modules was loaded
2021-07-13 17:03:55: mqtt: Modules was loaded
2021-07-13 17:03:55: ping: Modules was loaded
2021-07-13 17:03:56: System: Modules was loaded
2021-07-13 17:03:57: mqtt: Die Verbindung wurde hergestellt.
2021-07-13 17:03:57: mongoose: Database connected
2021-07-13 17:04:48: influx: module was loaded
2021-07-13 17:04:48: Kalender: Modules was loaded
2021-07-13 17:04:49: mqtt: Modules was loaded
2021-07-13 17:04:49: ping: Modules was loaded
2021-07-13 17:04:50: System: Modules was loaded
2021-07-13 17:04:50: mqtt: Die Verbindung wurde hergestellt.
2021-07-13 17:04:51: mongoose: Database connected
2021-07-13 17:06:41: influx: module was loaded
2021-07-13 17:06:41: Kalender: Modules was loaded
2021-07-13 17:06:42: mqtt: Modules was loaded
2021-07-13 17:06:42: ping: Modules was loaded
2021-07-13 17:06:43: System: Modules was loaded
2021-07-13 17:06:43: mqtt: Die Verbindung wurde hergestellt.
2021-07-13 17:06:43: mongoose: Database connected
2021-07-13 17:08:47: influx: module was loaded
2021-07-13 17:08:47: Kalender: Modules was loaded
2021-07-13 17:08:48: mqtt: Modules was loaded
2021-07-13 17:08:48: ping: Modules was loaded
2021-07-13 17:08:49: System: Modules was loaded
2021-07-13 17:08:49: mqtt: Die Verbindung wurde hergestellt.
2021-07-13 17:08:50: mongoose: Database connected
2021-07-13 17:08:51: influx: Neue Sensordaten für testroom123 (temp:1 hum:1 press:1 light:undefined) gespeichert.
2021-07-13 17:10:27: influx: module was loaded
2021-07-13 17:10:27: Kalender: Modules was loaded
2021-07-13 17:10:28: mqtt: Modules was loaded
2021-07-13 17:10:28: ping: Modules was loaded
2021-07-13 17:10:29: System: Modules was loaded
2021-07-13 17:10:29: mqtt: Die Verbindung wurde hergestellt.
2021-07-13 17:10:29: mongoose: Database connected
2021-07-13 17:10:31: influx: Neue Sensordaten für testroom123 (temp:1 hum:1 press:1 light:undefined) gespeichert.
2021-07-13 17:11:10: influx: module was loaded
2021-07-13 17:11:10: Kalender: Modules was loaded
2021-07-13 17:11:11: mqtt: Modules was loaded
2021-07-13 17:11:11: ping: Modules was loaded
2021-07-13 17:11:12: System: Modules was loaded
2021-07-13 17:11:12: mqtt: Die Verbindung wurde hergestellt.
2021-07-13 17:11:12: mongoose: Database connected
2021-07-13 17:11:14: influx: Neue Sensordaten für testroom123 (temp:1 hum:1 press:1 light:undefined) gespeichert.
2021-07-13 17:12:36: influx: module was loaded
2021-07-13 17:12:36: Kalender: Modules was loaded
2021-07-13 17:12:37: mqtt: Modules was loaded
2021-07-13 17:12:37: ping: Modules was loaded
2021-07-13 17:12:38: System: Modules was loaded
2021-07-13 17:12:38: mqtt: Die Verbindung wurde hergestellt.
2021-07-13 17:12:38: mongoose: Database connected
2021-07-13 17:13:20: influx: Neue Sensordaten für testroom123 (temp:1 hum:1 press:1 light:undefined) gespeichert.
2021-07-13 17:14:06: influx: module was loaded
2021-07-13 17:14:06: Kalender: Modules was loaded
2021-07-13 17:14:06: mqtt: Modules was loaded
2021-07-13 17:14:06: ping: Modules was loaded
2021-07-13 17:14:07: System: Modules was loaded
2021-07-13 17:14:07: mqtt: Die Verbindung wurde hergestellt.
2021-07-13 17:14:08: mongoose: Database connected
2021-07-13 17:14:09: influx: Neue Sensordaten für testroom123 (temp:1 hum:1 press:1 light:undefined) gespeichert.
2021-07-13 17:14:12: influx: Neue Sensordaten für testroom123 (temp:1 hum:1 press:1 light:undefined) gespeichert.
2021-07-13 17:14:26: influx: module was loaded
2021-07-13 17:14:26: Kalender: Modules was loaded
2021-07-13 17:14:27: mqtt: Modules was loaded
2021-07-13 17:14:27: ping: Modules was loaded
2021-07-13 17:14:28: System: Modules was loaded
2021-07-13 17:14:28: mqtt: Die Verbindung wurde hergestellt.
2021-07-13 17:14:28: mongoose: Database connected
2021-07-13 17:14:30: influx: Neue Sensordaten für testroom123 (temp:1 hum:1 press:1 light:undefined) gespeichert.
2021-07-13 17:14:51: influx: module was loaded
2021-07-13 17:14:51: Kalender: Modules was loaded
2021-07-13 17:14:52: mqtt: Modules was loaded
2021-07-13 17:14:52: ping: Modules was loaded
2021-07-13 17:14:53: System: Modules was loaded
2021-07-13 17:14:53: mqtt: Die Verbindung wurde hergestellt.
2021-07-13 17:14:53: mongoose: Database connected
2021-07-13 17:14:55: influx: Neue Sensordaten für testroom123 (temp:1 hum:1 press:1 light:undefined) gespeichert.
2021-07-13 17:14:57: influx: module was loaded
2021-07-13 17:14:57: Kalender: Modules was loaded
2021-07-13 17:14:58: mqtt: Modules was loaded
2021-07-13 17:14:58: ping: Modules was loaded
2021-07-13 17:14:59: System: Modules was loaded
2021-07-13 17:14:59: mqtt: Die Verbindung wurde hergestellt.
2021-07-13 17:14:59: mongoose: Database connected
2021-07-13 17:15:05: influx: module was loaded
2021-07-13 17:15:05: Kalender: Modules was loaded
2021-07-13 17:15:06: mqtt: Modules was loaded
2021-07-13 17:15:06: ping: Modules was loaded
2021-07-13 17:15:07: System: Modules was loaded
2021-07-13 17:15:07: mqtt: Die Verbindung wurde hergestellt.
2021-07-13 17:15:08: mongoose: Database connected
2021-07-13 17:15:09: influx: Neue Sensordaten für testroom123 (temp:1 hum:1 press:1 light:undefined) gespeichert.
2021-07-13 17:15:33: influx: module was loaded
2021-07-13 17:15:33: Kalender: Modules was loaded
2021-07-13 17:15:34: mqtt: Modules was loaded
2021-07-13 17:15:34: ping: Modules was loaded
2021-07-13 17:15:35: System: Modules was loaded
2021-07-13 17:15:35: mqtt: Die Verbindung wurde hergestellt.
2021-07-13 17:15:36: mongoose: Database connected
2021-07-13 17:15:41: influx: module was loaded
2021-07-13 17:15:41: Kalender: Modules was loaded
2021-07-13 17:15:42: mqtt: Modules was loaded
2021-07-13 17:15:42: ping: Modules was loaded
2021-07-13 17:15:43: System: Modules was loaded
2021-07-13 17:15:43: mqtt: Die Verbindung wurde hergestellt.
2021-07-13 17:15:43: mongoose: Database connected
2021-07-13 17:15:45: influx: Neue Sensordaten für testroom123 (temp:1 hum:1 press:1 light:undefined) gespeichert.
2021-07-13 17:16:04: influx: module was loaded
2021-07-13 17:16:04: Kalender: Modules was loaded
2021-07-13 17:16:05: mqtt: Modules was loaded
2021-07-13 17:16:05: ping: Modules was loaded
2021-07-13 17:16:06: System: Modules was loaded
2021-07-13 17:16:06: mqtt: Die Verbindung wurde hergestellt.
2021-07-13 17:16:06: mongoose: Database connected
2021-07-13 17:16:08: influx: Neue Sensordaten für testroom123 (temp:1 hum:1 press:1 light:undefined) gespeichert.
2021-07-13 17:16:46: influx: module was loaded
2021-07-13 17:16:46: Kalender: Modules was loaded
2021-07-13 17:16:47: mqtt: Modules was loaded
2021-07-13 17:16:47: ping: Modules was loaded
2021-07-13 17:16:48: System: Modules was loaded
2021-07-13 17:16:48: mqtt: Die Verbindung wurde hergestellt.
2021-07-13 17:16:48: mongoose: Database connected
2021-07-13 17:16:50: influx: Neue Sensordaten für testroom123 (temp:1 hum:1 press:1 light:undefined) gespeichert.
2021-07-13 17:17:15: influx: module was loaded
2021-07-13 17:17:15: Kalender: Modules was loaded
2021-07-13 17:17:15: mqtt: Modules was loaded
2021-07-13 17:17:15: ping: Modules was loaded
2021-07-13 17:17:16: System: Modules was loaded
2021-07-13 17:17:16: mqtt: Die Verbindung wurde hergestellt.
2021-07-13 17:17:17: mongoose: Database connected
2021-07-13 17:17:18: influx: Neue Sensordaten für testroom123 (temp:1 hum:1 press:1 light:undefined) gespeichert.
2021-07-13 17:17:37: influx: module was loaded
2021-07-13 17:17:37: Kalender: Modules was loaded
2021-07-13 17:17:38: mqtt: Modules was loaded
2021-07-13 17:17:38: ping: Modules was loaded
2021-07-13 17:17:39: System: Modules was loaded
2021-07-13 17:17:39: mqtt: Die Verbindung wurde hergestellt.
2021-07-13 17:17:39: influx: Neue Sensordaten für testroom123 (temp:1 hum:1 press:1 light:undefined) gespeichert.
2021-07-13 17:18:25: influx: module was loaded
2021-07-13 17:18:25: Kalender: Modules was loaded
2021-07-13 17:18:26: mqtt: Modules was loaded
2021-07-13 17:18:26: ping: Modules was loaded
2021-07-13 17:18:27: System: Modules was loaded
2021-07-13 17:18:27: mqtt: Die Verbindung wurde hergestellt.
2021-07-13 17:18:28: mongoose: Database connected
2021-07-13 17:18:34: influx: module was loaded
2021-07-13 17:18:34: Kalender: Modules was loaded
2021-07-13 17:18:35: mqtt: Modules was loaded
2021-07-13 17:18:35: ping: Modules was loaded
2021-07-13 17:18:36: System: Modules was loaded
2021-07-13 17:18:36: mqtt: Die Verbindung wurde hergestellt.
2021-07-13 17:18:36: mongoose: Database connected
2021-07-13 17:18:38: influx: Neue Sensordaten für testroom123 (temp:1 hum:1 press:1 light:undefined) gespeichert.
2021-07-13 17:18:46: influx: Neue Sensordaten für testroom123 (temp:1 hum:1 press:null light:undefined) gespeichert.
2021-07-13 17:22:37: influx: module was loaded
2021-07-13 17:22:37: Kalender: Modules was loaded
2021-07-13 17:22:37: mqtt: Modules was loaded
2021-07-13 17:22:37: ping: Modules was loaded
2021-07-13 17:22:38: System: Modules was loaded
2021-07-13 17:22:38: mqtt: Die Verbindung wurde hergestellt.
2021-07-13 17:22:39: mongoose: Database connected
2021-07-13 17:23:28: influx: module was loaded
2021-07-13 17:23:28: Kalender: Modules was loaded
2021-07-13 17:23:29: mqtt: Modules was loaded
2021-07-13 17:23:29: ping: Modules was loaded
2021-07-13 17:23:30: System: Modules was loaded
2021-07-13 17:23:30: mqtt: Die Verbindung wurde hergestellt.
2021-07-13 17:23:30: mongoose: Database connected
2021-07-13 17:24:28: influx: module was loaded
2021-07-13 17:24:28: Kalender: Modules was loaded
2021-07-13 17:24:29: mqtt: Modules was loaded
2021-07-13 17:24:29: ping: Modules was loaded
2021-07-13 17:24:30: System: Modules was loaded
2021-07-13 17:24:30: mqtt: Die Verbindung wurde hergestellt.
2021-07-13 17:24:30: mongoose: Database connected
2021-07-13 17:24:38: influx: module was loaded
2021-07-13 17:24:38: Kalender: Modules was loaded
2021-07-13 17:24:39: mqtt: Modules was loaded
2021-07-13 17:24:39: ping: Modules was loaded
2021-07-13 17:24:40: System: Modules was loaded
2021-07-13 17:24:41: mqtt: Die Verbindung wurde hergestellt.
2021-07-13 17:24:41: mongoose: Database connected
2021-07-13 17:24:57: influx: module was loaded
2021-07-13 17:24:57: Kalender: Modules was loaded
2021-07-13 17:24:58: mqtt: Modules was loaded
2021-07-13 17:24:58: ping: Modules was loaded
2021-07-13 17:24:59: System: Modules was loaded
2021-07-13 17:24:59: mqtt: Die Verbindung wurde hergestellt.
2021-07-13 17:24:59: mongoose: Database connected
2021-07-13 17:25:25: influx: module was loaded
2021-07-13 17:25:25: Kalender: Modules was loaded
2021-07-13 17:25:25: mqtt: Modules was loaded
2021-07-13 17:25:25: ping: Modules was loaded
2021-07-13 17:25:26: System: Modules was loaded
2021-07-13 17:25:27: mqtt: Die Verbindung wurde hergestellt.
2021-07-13 17:25:27: mongoose: Database connected
2021-07-13 17:25:56: influx: module was loaded
2021-07-13 17:25:56: Kalender: Modules was loaded
2021-07-13 17:25:56: mqtt: Modules was loaded
2021-07-13 17:25:56: ping: Modules was loaded
2021-07-13 17:25:57: System: Modules was loaded
2021-07-13 17:25:58: mqtt: Die Verbindung wurde hergestellt.
2021-07-13 17:25:58: mongoose: Database connected
2021-07-13 17:26:00: influx: Neue Sensordaten für testroom123 (temp:1 hum:1 press:null light:null) gespeichert.
2021-07-13 17:34:06: influx: module was loaded
2021-07-13 17:34:06: Kalender: Modules was loaded
2021-07-13 17:34:07: mqtt: Modules was loaded
2021-07-13 17:34:07: ping: Modules was loaded
2021-07-13 17:34:08: System: Modules was loaded
2021-07-13 17:34:08: mqtt: Die Verbindung wurde hergestellt.
2021-07-13 17:34:08: mongoose: Database connected
2021-07-13 17:34:21: influx: Neue Sensordaten für Testroom (temp:29.50 hum:62.50 press:null light:null) gespeichert.
2021-07-13 17:35:07: influx: module was loaded
2021-07-13 17:35:07: Kalender: Modules was loaded
2021-07-13 17:35:07: mqtt: Modules was loaded
2021-07-13 17:35:07: ping: Modules was loaded
2021-07-13 17:35:08: System: Modules was loaded
2021-07-13 17:35:08: mqtt: Die Verbindung wurde hergestellt.
2021-07-13 17:35:09: mongoose: Database connected
2021-07-13 17:35:15: influx: Neue Sensordaten für Testroom (temp:29.50 hum:58.50 press:null light:null) gespeichert.
2021-07-13 17:35:48: influx: module was loaded
2021-07-13 17:35:48: Kalender: Modules was loaded
2021-07-13 17:35:48: mqtt: Modules was loaded
2021-07-13 17:35:48: ping: Modules was loaded
2021-07-13 17:35:49: System: Modules was loaded
2021-07-13 17:35:49: mqtt: Die Verbindung wurde hergestellt.
2021-07-13 17:35:50: mongoose: Database connected
2021-07-13 17:35:57: influx: Neue Sensordaten für Testroom (temp:29.60 hum:58.40 press:null light:null) gespeichert.
