2020-12-13 19:42:23: influx: Error: connect ECONNREFUSED 127.0.0.1:8086
2020-12-13 19:42:47: influx: Error: connect ECONNREFUSED 127.0.0.1:8086
2020-12-13 19:43:32: influx: Error: connect ECONNREFUSED 127.0.0.1:8086
2020-12-13 19:43:37: influx: Error: connect ECONNREFUSED 127.0.0.1:8086
2020-12-13 19:43:57: influx: Error: connect ECONNREFUSED 127.0.0.1:8086
2020-12-13 19:44:00: influx: Error saving data to InfluxDB! Error: connect ECONNREFUSED 127.0.0.1:8086
    at TCPConnectWrap.afterConnect [as oncomplete] (node:net:1133:16)
2020-12-13 19:44:51: influx: Error: connect ECONNREFUSED 127.0.0.1:8086
2020-12-13 19:45:20: influx: Error: connect ECONNREFUSED 127.0.0.1:8086
2020-12-13 19:50:44: SensorRoute: ReferenceError: posts is not defined
2020-12-13 19:50:49: SensorRoute: ReferenceError: posts is not defined
2020-12-13 19:51:26: SensorRoute: ReferenceError: posts is not defined
2020-12-13 19:51:51: SensorRoute: ReferenceError: data is not defined
2020-12-13 19:52:19: SensorRoute: ReferenceError: posts is not defined
2020-12-13 19:52:31: SensorRoute: ReferenceError: posts is not defined
2020-12-13 19:53:20: SensorRoute: ReferenceError: result is not defined
2020-12-13 19:53:21: SensorRoute: ReferenceError: result is not defined
2020-12-13 19:53:46: SensorRoute: ReferenceError: posts is not defined
2020-12-13 19:55:30: SensorRoute: ReferenceError: posts is not defined
2020-12-13 19:55:44: SensorRoute: ReferenceError: posts is not defined
2020-12-13 19:56:14: SensorRoute: ReferenceError: posts is not defined
2020-12-13 19:57:03: SensorRoute: ReferenceError: posts is not defined
2020-12-13 19:57:40: SensorRoute: TypeError [ERR_INVALID_ARG_TYPE]: The "chunk" argument must be of type string or an instance of Buffer or Uint8Array. Received type number (200)
2020-12-13 19:57:41: SensorRoute: TypeError [ERR_INVALID_ARG_TYPE]: The "chunk" argument must be of type string or an instance of Buffer or Uint8Array. Received type number (200)
2020-12-13 19:58:03: SensorRoute: TypeError [ERR_INVALID_ARG_TYPE]: The "chunk" argument must be of type string or an instance of Buffer or Uint8Array. Received type number (200)
2020-12-13 20:01:50: SensorRoute: ReferenceError: posts is not defined
2020-12-13 20:02:09: SensorRoute: ReferenceError: posts is not defined
2020-12-13 20:02:21: SensorRoute: ReferenceError: posts is not defined
2020-12-13 20:02:43: SensorRoute: ReferenceError: posts is not defined
2020-12-13 20:04:50: SensorRoute: ReferenceError: posts is not defined
2020-12-13 20:05:07: SensorRoute: ReferenceError: posts is not defined
2020-12-13 20:05:22: SensorRoute: ReferenceError: posts is not defined
2020-12-13 20:09:53: SensorRoute: Error: A 400 Bad Request error occurred: {"error":"error parsing query: found undefined, expected integer at line 1, char 78"}

2020-12-13 20:16:20: SensorRoute: Error: A 400 Bad Request error occurred: {"error":"error parsing query: found undefined, expected integer at line 1, char 78"}

2020-12-13 20:16:29: SensorRoute: Error: A 400 Bad Request error occurred: {"error":"error parsing query: found undefined, expected integer at line 1, char 78"}

2020-12-13 20:44:20: influx: Error: connect ECONNREFUSED 127.0.0.1:8086
    at TCPConnectWrap.afterConnect [as oncomplete] (node:net:1133:16)
2020-12-13 20:44:33: influx: Error: connect ECONNREFUSED 127.0.0.1:8086
    at TCPConnectWrap.afterConnect [as oncomplete] (node:net:1133:16)
2020-12-13 20:45:21: influx: Error: getaddrinfo ENOTFOUND undefined
    at GetAddrInfoReqWrap.onlookup [as oncomplete] (node:dns:67:26)
2020-12-13 20:45:24: influx: Error: getaddrinfo ENOTFOUND undefined
    at GetAddrInfoReqWrap.onlookup [as oncomplete] (node:dns:67:26)
2020-12-13 21:49:09: ping: RaspberryPi timed out
2020-12-24 13:18:11: Socket: undefined
2020-12-24 13:31:59: Socket: undefined
2020-12-24 13:59:32: Socket: undefined
2020-12-24 14:04:12: Socket: undefined
2020-12-24 14:08:25: Socket: undefined
2020-12-24 14:11:19: Socket: undefined
2020-12-24 14:21:11: Socket: undefined
2020-12-25 21:48:09: mongoose: undefined
2020-12-25 21:48:33: mongoose: undefined
2020-12-25 21:49:19: mongoose: undefined
2020-12-25 21:49:29: mongoose: undefined
2020-12-25 21:49:44: mongoose: undefined
2020-12-25 21:49:59: mongoose: undefined
2020-12-25 21:51:13: mongoose: undefined
2020-12-25 21:52:21: mongoose: undefined
2021-01-02 18:18:09: Socket: undefined
2021-03-16 17:22:49: Sensor: undefined
2021-07-12 11:28:24: mqtt: undefined
2021-07-12 11:28:44: mqtt: undefined
2021-07-12 11:29:06: mqtt: undefined
2021-07-12 11:30:06: mqtt: undefined
2021-07-12 11:30:07: mqtt: undefined
2021-07-12 11:30:21: mqtt: undefined
2021-07-12 11:30:48: mqtt: undefined
2021-07-12 11:30:49: mqtt: undefined
2021-07-12 11:30:51: mqtt: undefined
2021-07-12 11:30:52: mqtt: undefined
2021-07-12 11:30:53: mqtt: undefined
2021-07-12 11:30:55: mqtt: undefined
2021-07-12 11:30:58: mqtt: undefined
2021-07-12 11:30:59: mqtt: undefined
2021-07-12 11:31:00: mqtt: undefined
2021-07-12 11:31:01: mqtt: undefined
2021-07-12 11:31:02: mqtt: undefined
2021-07-12 11:31:03: mqtt: undefined
2021-07-12 11:31:04: mqtt: undefined
2021-07-12 11:31:05: mqtt: undefined
2021-07-12 11:31:06: mqtt: undefined
2021-07-12 11:31:07: mqtt: undefined
2021-07-12 11:31:08: mqtt: undefined
2021-07-12 11:31:10: mqtt: undefined
2021-07-12 11:31:14: mqtt: undefined
2021-07-12 11:31:15: mqtt: undefined
2021-07-12 11:31:18: mqtt: undefined
2021-07-12 11:31:19: mqtt: undefined
2021-07-12 11:31:20: mqtt: undefined
2021-07-12 11:31:21: mqtt: undefined
2021-07-12 11:31:22: mqtt: undefined
2021-07-12 11:31:23: mqtt: undefined
2021-07-12 11:31:24: mqtt: undefined
2021-07-12 11:31:25: mqtt: undefined
2021-07-12 11:31:26: mqtt: undefined
2021-07-12 11:31:27: mqtt: undefined
2021-07-12 11:31:28: mqtt: undefined
2021-07-12 11:31:29: mqtt: undefined
2021-07-12 11:31:30: mqtt: undefined
2021-07-12 11:31:32: mqtt: undefined
2021-07-12 11:31:33: mqtt: undefined
2021-07-12 11:31:35: mqtt: undefined
2021-07-12 11:31:36: mqtt: undefined
2021-07-12 11:31:40: mqtt: undefined
2021-07-12 11:31:43: mqtt: undefined
2021-07-12 11:31:47: mqtt: undefined
2021-07-12 11:31:48: mqtt: undefined
2021-07-12 11:31:51: mqtt: undefined
2021-07-12 11:31:52: mqtt: undefined
2021-07-12 11:31:55: mqtt: undefined
2021-07-12 11:31:57: mqtt: undefined
2021-07-12 11:31:59: mqtt: undefined
2021-07-12 11:32:01: mqtt: undefined
2021-07-12 11:32:02: mqtt: undefined
2021-07-12 11:32:03: mqtt: undefined
2021-07-12 11:32:05: mqtt: undefined
2021-07-12 11:32:06: mqtt: undefined
2021-07-12 11:32:07: mqtt: undefined
2021-07-12 11:32:08: mqtt: undefined
2021-07-12 11:32:09: mqtt: undefined
2021-07-12 11:32:10: mqtt: undefined
2021-07-12 11:32:11: mqtt: undefined
2021-07-12 11:32:12: mqtt: undefined
2021-07-12 11:32:14: mqtt: undefined
2021-07-12 11:32:16: mqtt: undefined
2021-07-12 11:32:19: mqtt: undefined
2021-07-12 11:32:20: mqtt: undefined
2021-07-12 11:32:21: mqtt: undefined
2021-07-12 11:32:26: mqtt: undefined
2021-07-12 11:32:27: mqtt: undefined
2021-07-12 11:32:28: mqtt: undefined
2021-07-12 11:32:31: mqtt: undefined
2021-07-12 11:32:33: mqtt: undefined
2021-07-12 11:32:34: mqtt: undefined
2021-07-12 11:32:35: mqtt: undefined
2021-07-12 11:32:37: mqtt: undefined
2021-07-12 11:32:39: mqtt: undefined
2021-07-12 11:32:40: mqtt: undefined
2021-07-12 11:32:41: mqtt: undefined
2021-07-12 11:32:44: mqtt: undefined
2021-07-12 11:32:45: mqtt: undefined
2021-07-12 11:32:47: mqtt: undefined
2021-07-12 11:32:48: mqtt: undefined
2021-07-12 11:32:49: mqtt: undefined
2021-07-12 11:32:50: mqtt: undefined
2021-07-12 11:32:53: mqtt: undefined
2021-07-12 11:32:54: mqtt: undefined
2021-07-12 11:32:55: mqtt: undefined
2021-07-12 11:32:56: mqtt: undefined
2021-07-12 11:32:57: mqtt: undefined
2021-07-12 11:32:58: mqtt: undefined
2021-07-12 11:32:59: mqtt: undefined
2021-07-12 11:33:00: mqtt: undefined
2021-07-12 11:33:01: mqtt: undefined
2021-07-12 11:33:02: mqtt: undefined
2021-07-12 11:33:03: mqtt: undefined
2021-07-12 11:33:04: mqtt: undefined
2021-07-12 11:33:05: mqtt: undefined
2021-07-12 11:33:06: mqtt: undefined
2021-07-12 11:33:07: mqtt: undefined
2021-07-12 11:33:08: mqtt: undefined
2021-07-12 11:33:11: mqtt: undefined
2021-07-12 11:33:14: mqtt: undefined
2021-07-12 11:33:15: mqtt: undefined
2021-07-12 11:38:00: mqtt: undefined
2021-07-12 11:38:02: mqtt: undefined
2021-07-12 11:38:03: mqtt: undefined
2021-07-12 11:38:05: mqtt: undefined
2021-07-12 11:38:06: mqtt: undefined
2021-07-12 11:38:07: mqtt: undefined
2021-07-12 11:38:08: mqtt: undefined
2021-07-12 11:38:09: mqtt: undefined
2021-07-12 11:38:10: mqtt: undefined
2021-07-12 11:38:11: mqtt: undefined
2021-07-12 11:38:12: mqtt: undefined
2021-07-12 11:38:13: mqtt: undefined
2021-07-12 11:38:14: mqtt: undefined
2021-07-12 11:38:19: mqtt: undefined
2021-07-12 11:38:20: mqtt: undefined
2021-07-12 11:38:21: mqtt: undefined
2021-07-12 11:38:22: mqtt: undefined
2021-07-12 11:38:24: mqtt: undefined
2021-07-12 11:38:25: mqtt: undefined
2021-07-12 11:38:26: mqtt: undefined
2021-07-12 11:38:27: mqtt: undefined
2021-07-12 11:38:28: mqtt: undefined
2021-07-12 11:38:29: mqtt: undefined
2021-07-12 11:38:31: mqtt: undefined
2021-07-12 11:38:32: mqtt: undefined
2021-07-12 11:38:34: mqtt: undefined
2021-07-12 11:38:35: mqtt: undefined
2021-07-12 11:38:36: mqtt: undefined
2021-07-12 11:38:39: mqtt: undefined
2021-07-12 11:38:41: mqtt: undefined
2021-07-12 11:38:42: mqtt: undefined
2021-07-12 11:38:43: mqtt: undefined
2021-07-12 11:38:44: mqtt: undefined
2021-07-12 11:38:46: mqtt: undefined
2021-07-12 13:43:31: mongoose: undefined
2021-07-12 13:44:30: mongoose: undefined
2021-07-12 13:45:12: mongoose: undefined
