2021-07-12 14:23:15: influx: module was loaded
2021-07-12 14:23:15: Kalender: Modules was loaded
2021-07-12 14:23:15: mqtt: Modules was loaded
2021-07-12 14:23:15: ping: Modules was loaded
2021-07-12 14:23:16: System: Modules was loaded
2021-07-12 14:23:16: Jarvis: Jarvis Development is up and running on port 3000
2021-07-12 14:23:16: mongoose: Database connected
2021-07-12 14:23:20: mqtt: Client goes offline.
2021-07-12 14:23:20: mqtt: Die Verbidnung wurde geschlossen.
2021-07-12 14:23:35: mqtt: Trying to reconnect...
2021-07-12 14:23:39: mqtt: Die Verbidnung wurde geschlossen.
2021-07-12 14:23:41: influx: module was loaded
2021-07-12 14:23:41: Kalender: Modules was loaded
2021-07-12 14:23:42: mqtt: Modules was loaded
2021-07-12 14:23:42: ping: Modules was loaded
2021-07-12 14:23:42: System: Modules was loaded
2021-07-12 14:23:42: Jarvis: Jarvis Development is up and running on port 3000
2021-07-12 14:23:43: mongoose: Database connected
2021-07-12 14:23:46: mqtt: Client goes offline.
2021-07-12 14:23:46: mqtt: Die Verbidnung wurde geschlossen.
2021-07-12 14:24:01: mqtt: Trying to reconnect...
2021-07-12 14:24:05: mqtt: Die Verbidnung wurde geschlossen.
2021-07-12 14:24:20: mqtt: Trying to reconnect...
2021-07-12 14:24:21: influx: module was loaded
2021-07-12 14:24:21: Kalender: Modules was loaded
2021-07-12 14:24:21: mqtt: Modules was loaded
2021-07-12 14:24:21: ping: Modules was loaded
2021-07-12 14:24:22: System: Modules was loaded
2021-07-12 14:24:22: Jarvis: Jarvis Development is up and running on port 3000
2021-07-12 14:24:22: mongoose: Database connected
2021-07-12 14:24:26: mqtt: Client goes offline.
2021-07-12 14:24:26: mqtt: Die Verbidnung wurde geschlossen.
2021-07-12 14:24:41: mqtt: Trying to reconnect...
2021-07-12 14:26:06: influx: module was loaded
2021-07-12 14:26:06: Kalender: Modules was loaded
2021-07-12 14:26:06: mqtt: Modules was loaded
2021-07-12 14:26:06: ping: Modules was loaded
2021-07-12 14:26:07: System: Modules was loaded
2021-07-12 14:26:07: Jarvis: Jarvis Development is up and running on port 3000
2021-07-12 14:26:08: mongoose: Database connected
2021-07-12 14:26:11: mqtt: Client goes offline.
2021-07-12 14:26:11: mqtt: Die Verbidnung wurde geschlossen.
2021-07-12 14:26:26: mqtt: Trying to reconnect...
2021-07-12 14:26:27: ping: undefined
2021-07-12 14:26:27: ping: undefined
2021-07-12 14:26:27: ping: undefined
2021-07-12 14:26:27: ping: undefined
2021-07-12 14:26:27: ping: undefined
2021-07-12 14:26:30: mqtt: Die Verbidnung wurde geschlossen.
2021-07-12 14:26:43: influx: module was loaded
2021-07-12 14:26:43: Kalender: Modules was loaded
2021-07-12 14:26:43: mqtt: Modules was loaded
2021-07-12 14:26:43: ping: Modules was loaded
2021-07-12 14:26:44: System: Modules was loaded
2021-07-12 14:26:44: Jarvis: Jarvis Development is up and running on port 3000
2021-07-12 14:26:44: mongoose: Database connected
2021-07-12 14:27:05: influx: module was loaded
2021-07-12 14:27:05: Kalender: Modules was loaded
2021-07-12 14:27:06: mqtt: Modules was loaded
2021-07-12 14:27:06: ping: Modules was loaded
2021-07-12 14:27:06: System: Modules was loaded
2021-07-12 14:27:06: Jarvis: Jarvis Development is up and running on port 3000
2021-07-12 14:27:07: mongoose: Database connected
2021-07-12 14:27:25: influx: module was loaded
2021-07-12 14:27:25: Kalender: Modules was loaded
2021-07-12 14:27:26: mqtt: Modules was loaded
2021-07-12 14:27:26: ping: Modules was loaded
2021-07-12 14:27:26: System: Modules was loaded
2021-07-12 14:27:26: Jarvis: Jarvis Development is up and running on port 3000
2021-07-12 14:27:27: mongoose: Database connected
2021-07-12 14:27:30: mqtt: Client goes offline.
2021-07-12 14:27:30: mqtt: Die Verbidnung wurde geschlossen.
2021-07-12 14:27:34: influx: module was loaded
2021-07-12 14:27:34: Kalender: Modules was loaded
2021-07-12 14:27:34: mqtt: Modules was loaded
2021-07-12 14:27:34: ping: Modules was loaded
2021-07-12 14:27:35: System: Modules was loaded
2021-07-12 14:27:35: Jarvis: Jarvis Development is up and running on port 3000
2021-07-12 14:27:36: mongoose: Database connected
2021-07-12 14:27:39: mqtt: Client goes offline.
2021-07-12 14:27:39: mqtt: Die Verbidnung wurde geschlossen.
2021-07-12 14:27:54: mqtt: Trying to reconnect...
2021-07-12 14:27:55: ping: undefined
2021-07-12 14:27:55: ping: undefined
2021-07-12 14:27:55: ping: undefined
2021-07-12 14:27:55: ping: undefined
2021-07-12 14:27:55: ping: undefined
2021-07-12 14:28:38: influx: module was loaded
2021-07-12 14:28:38: Kalender: Modules was loaded
2021-07-12 14:28:38: mqtt: Modules was loaded
2021-07-12 14:28:38: ping: Modules was loaded
2021-07-12 14:28:39: System: Modules was loaded
2021-07-12 14:28:39: Jarvis: Jarvis Development is up and running on port 3000
2021-07-12 14:28:39: mongoose: Database connected
2021-07-12 14:28:43: mqtt: Client goes offline.
2021-07-12 14:28:43: mqtt: Die Verbidnung wurde geschlossen.
2021-07-12 14:28:58: mqtt: Trying to reconnect...
2021-07-12 14:28:59: ping: undefined
2021-07-12 14:28:59: ping: undefined
2021-07-12 14:28:59: ping: undefined
2021-07-12 14:28:59: ping: undefined
2021-07-12 14:28:59: ping: undefined
2021-07-12 14:29:02: mqtt: Die Verbidnung wurde geschlossen.
2021-07-12 14:30:12: influx: module was loaded
2021-07-12 14:30:12: Kalender: Modules was loaded
2021-07-12 14:30:12: mqtt: Modules was loaded
2021-07-12 14:30:12: ping: Modules was loaded
2021-07-12 14:30:13: System: Modules was loaded
2021-07-12 14:30:13: Jarvis: Jarvis Development is up and running on port 3000
2021-07-12 14:30:14: mongoose: Database connected
2021-07-12 14:30:17: mqtt: Client goes offline.
2021-07-12 14:30:17: mqtt: Die Verbidnung wurde geschlossen.
2021-07-12 14:30:32: mqtt: Trying to reconnect...
2021-07-12 14:30:33: ping: undefined
2021-07-12 14:30:33: ping: undefined
2021-07-12 14:30:33: ping: undefined
2021-07-12 14:30:33: ping: undefined
2021-07-12 14:30:33: ping: undefined
2021-07-12 14:30:36: mqtt: Die Verbidnung wurde geschlossen.
2021-07-12 14:30:51: mqtt: Trying to reconnect...
2021-07-12 14:30:55: mqtt: Die Verbidnung wurde geschlossen.
2021-07-12 14:31:10: mqtt: Trying to reconnect...
2021-07-12 14:31:15: mqtt: Die Verbidnung wurde geschlossen.
2021-07-12 14:32:51: influx: module was loaded
2021-07-12 14:32:51: Kalender: Modules was loaded
2021-07-12 14:32:52: mqtt: Modules was loaded
2021-07-12 14:32:52: ping: Modules was loaded
2021-07-12 14:32:52: System: Modules was loaded
2021-07-12 14:32:52: Jarvis: Jarvis Development is up and running on port 3000
2021-07-12 14:32:55: mongoose: Database connected
2021-07-12 14:32:56: mqtt: Client goes offline.
2021-07-12 14:32:56: mqtt: Die Verbidnung wurde geschlossen.
2021-07-12 14:33:01: influx: module was loaded
2021-07-12 14:33:01: Kalender: Modules was loaded
2021-07-12 14:33:01: mqtt: Modules was loaded
2021-07-12 14:33:01: ping: Modules was loaded
2021-07-12 14:33:02: System: Modules was loaded
2021-07-12 14:33:02: Jarvis: Jarvis Development is up and running on port 3000
2021-07-12 14:33:04: mongoose: Database connected
2021-07-12 14:33:06: mqtt: Client goes offline.
2021-07-12 14:33:06: mqtt: Die Verbidnung wurde geschlossen.
2021-07-12 14:33:21: mqtt: Trying to reconnect...
2021-07-12 14:33:25: influx: module was loaded
2021-07-12 14:33:25: Kalender: Modules was loaded
2021-07-12 14:33:25: mqtt: Modules was loaded
2021-07-12 14:33:25: ping: Modules was loaded
2021-07-12 14:33:26: System: Modules was loaded
2021-07-12 14:33:26: Jarvis: Jarvis Development is up and running on port 3000
2021-07-12 14:33:27: mongoose: Database connected
2021-07-12 14:33:30: mqtt: Client goes offline.
2021-07-12 14:33:30: mqtt: Die Verbidnung wurde geschlossen.
2021-07-12 14:36:20: influx: module was loaded
2021-07-12 14:36:20: Kalender: Modules was loaded
2021-07-12 14:36:20: mqtt: Modules was loaded
2021-07-12 14:36:20: ping: Modules was loaded
2021-07-12 14:36:21: System: Modules was loaded
2021-07-12 14:36:21: Jarvis: Jarvis Development is up and running on port 3000
2021-07-12 14:36:21: mongoose: Database connected
2021-07-12 14:36:25: mqtt: Client goes offline.
2021-07-12 14:36:25: mqtt: Die Verbidnung wurde geschlossen.
2021-07-12 14:36:33: influx: module was loaded
2021-07-12 14:36:33: Kalender: Modules was loaded
2021-07-12 14:36:33: mqtt: Modules was loaded
2021-07-12 14:36:33: ping: Modules was loaded
2021-07-12 14:36:34: System: Modules was loaded
2021-07-12 14:36:34: Jarvis: Jarvis Development is up and running on port 3000
2021-07-12 14:36:35: mongoose: Database connected
2021-07-12 14:36:38: mqtt: Client goes offline.
2021-07-12 14:36:38: mqtt: Die Verbidnung wurde geschlossen.
2021-07-12 14:36:53: mqtt: Trying to reconnect...
2021-07-12 14:36:57: mqtt: Die Verbidnung wurde geschlossen.
2021-07-12 14:37:12: mqtt: Trying to reconnect...
2021-07-12 14:37:14: influx: module was loaded
2021-07-12 14:37:14: Kalender: Modules was loaded
2021-07-12 14:37:14: mqtt: Modules was loaded
2021-07-12 14:37:14: ping: Modules was loaded
2021-07-12 14:37:15: System: Modules was loaded
2021-07-12 14:37:15: Jarvis: Jarvis Development is up and running on port 3000
2021-07-12 14:37:16: mongoose: Database connected
2021-07-12 14:37:19: mqtt: Client goes offline.
2021-07-12 14:37:19: mqtt: Die Verbidnung wurde geschlossen.
2021-07-12 14:37:34: mqtt: Trying to reconnect...
2021-07-12 14:37:38: mqtt: Die Verbidnung wurde geschlossen.
2021-07-12 14:37:39: influx: module was loaded
2021-07-12 14:37:39: Kalender: Modules was loaded
2021-07-12 14:37:40: mqtt: Modules was loaded
2021-07-12 14:37:40: ping: Modules was loaded
2021-07-12 14:37:40: System: Modules was loaded
2021-07-12 14:37:40: Jarvis: Jarvis Development is up and running on port 3000
2021-07-12 14:37:45: mqtt: Client goes offline.
2021-07-12 14:37:45: mqtt: Die Verbidnung wurde geschlossen.
2021-07-12 14:37:45: influx: module was loaded
2021-07-12 14:37:45: Kalender: Modules was loaded
2021-07-12 14:37:46: mqtt: Modules was loaded
2021-07-12 14:37:46: ping: Modules was loaded
2021-07-12 14:37:46: System: Modules was loaded
2021-07-12 14:37:46: Jarvis: Jarvis Development is up and running on port 3000
2021-07-12 14:37:50: mqtt: Client goes offline.
2021-07-12 14:37:50: mqtt: Die Verbidnung wurde geschlossen.
2021-07-12 14:37:52: influx: module was loaded
2021-07-12 14:37:52: Kalender: Modules was loaded
2021-07-12 14:37:52: mqtt: Modules was loaded
2021-07-12 14:37:53: ping: Modules was loaded
2021-07-12 14:37:53: System: Modules was loaded
2021-07-12 14:37:53: Jarvis: Jarvis Development is up and running on port 3000
2021-07-12 14:37:57: mqtt: Client goes offline.
2021-07-12 14:37:57: mqtt: Die Verbidnung wurde geschlossen.
2021-07-12 14:37:58: mongoose: Database connected
2021-07-12 14:38:12: mqtt: Trying to reconnect...
2021-07-12 14:38:16: mqtt: Die Verbidnung wurde geschlossen.
2021-07-12 14:38:19: influx: module was loaded
2021-07-12 14:38:19: Kalender: Modules was loaded
2021-07-12 14:38:19: mqtt: Modules was loaded
2021-07-12 14:38:19: ping: Modules was loaded
2021-07-12 14:38:20: System: Modules was loaded
2021-07-12 14:38:20: Jarvis: Jarvis Development is up and running on port 3000
2021-07-12 14:38:20: mongoose: Database connected
2021-07-12 14:38:24: mqtt: Client goes offline.
2021-07-12 14:38:24: mqtt: Die Verbidnung wurde geschlossen.
2021-07-12 14:40:24: influx: module was loaded
2021-07-12 14:40:24: Kalender: Modules was loaded
2021-07-12 14:40:24: mqtt: Modules was loaded
2021-07-12 14:40:24: ping: Modules was loaded
2021-07-12 14:40:25: System: Modules was loaded
2021-07-12 14:40:25: Jarvis: Jarvis Development is up and running on port 3000
2021-07-12 14:40:26: mongoose: Database connected
2021-07-12 14:40:29: mqtt: Client goes offline.
2021-07-12 14:40:29: mqtt: Die Verbidnung wurde geschlossen.
2021-07-12 14:40:44: mqtt: Trying to reconnect...
2021-07-12 14:40:48: mqtt: Die Verbidnung wurde geschlossen.
2021-07-12 14:40:49: influx: module was loaded
2021-07-12 14:40:49: Kalender: Modules was loaded
2021-07-12 14:40:49: mqtt: Modules was loaded
2021-07-12 14:40:49: ping: Modules was loaded
2021-07-12 14:40:50: System: Modules was loaded
2021-07-12 14:40:50: Jarvis: Jarvis Development is up and running on port 3000
2021-07-12 14:40:51: mongoose: Database connected
2021-07-12 14:40:54: mqtt: Client goes offline.
2021-07-12 14:40:54: mqtt: Die Verbidnung wurde geschlossen.
2021-07-12 14:41:09: mqtt: Trying to reconnect...
2021-07-13 01:39:19: influx: module was loaded
2021-07-13 01:39:19: Kalender: Modules was loaded
2021-07-13 01:39:22: mqtt: Modules was loaded
2021-07-13 01:39:23: ping: Modules was loaded
2021-07-13 01:39:26: System: Modules was loaded
2021-07-13 01:39:26: Jarvis: Jarvis Development is up and running on port 3000
2021-07-13 01:39:26: mqtt: Die Verbindung wurde hergestellt.
2021-07-13 01:39:27: mongoose: Database connected
2021-07-13 01:44:07: influx: module was loaded
2021-07-13 01:44:07: Kalender: Modules was loaded
2021-07-13 01:44:08: mqtt: Modules was loaded
2021-07-13 01:44:08: ping: Modules was loaded
2021-07-13 01:44:09: System: Modules was loaded
2021-07-13 01:44:09: Jarvis: Jarvis Development is up and running on port 3000
2021-07-13 01:44:09: mqtt: Die Verbindung wurde hergestellt.
2021-07-13 01:44:09: mongoose: Database connected
2021-07-13 01:45:13: Jarvis: Jarvis v.0.7.0 is up and running on port 3000
2021-07-13 02:04:43: Jarvis: Jarvis v.0.7.0 is up and running on port 3000
2021-07-13 02:07:18: Jarvis: Jarvis v.0.7.0 is up and running on port 3000
2021-07-13 02:07:46: Jarvis: Jarvis v.0.7.0 is up and running on port 3000
2021-07-13 02:07:55: influx: module was loaded
2021-07-13 02:07:55: Kalender: Modules was loaded
2021-07-13 02:07:55: mqtt: Modules was loaded
2021-07-13 02:07:55: ping: Modules was loaded
2021-07-13 02:07:57: System: Modules was loaded
2021-07-13 02:07:57: Jarvis: Jarvis Development is up and running on port 3000
2021-07-13 02:07:57: mqtt: Die Verbindung wurde hergestellt.
2021-07-13 02:07:57: mongoose: Database connected
2021-07-13 02:08:19: influx: module was loaded
2021-07-13 02:08:19: Kalender: Modules was loaded
2021-07-13 02:08:20: mqtt: Modules was loaded
2021-07-13 02:08:20: ping: Modules was loaded
2021-07-13 02:08:21: System: Modules was loaded
2021-07-13 02:08:21: Jarvis: Jarvis Development is up and running on port 3000
2021-07-13 02:08:21: mqtt: Die Verbindung wurde hergestellt.
2021-07-13 02:08:21: mongoose: Database connected
2021-07-13 02:09:45: influx: module was loaded
2021-07-13 02:09:45: Kalender: Modules was loaded
2021-07-13 02:09:46: mqtt: Modules was loaded
2021-07-13 02:09:46: ping: Modules was loaded
2021-07-13 02:09:47: System: Modules was loaded
2021-07-13 02:09:47: Jarvis: Jarvis Development is up and running on port 3000
2021-07-13 02:09:47: mqtt: Die Verbindung wurde hergestellt.
2021-07-13 02:09:48: mongoose: Database connected
2021-07-13 02:10:05: influx: module was loaded
2021-07-13 02:10:05: Kalender: Modules was loaded
2021-07-13 02:10:05: mqtt: Modules was loaded
2021-07-13 02:10:05: ping: Modules was loaded
2021-07-13 02:10:07: System: Modules was loaded
2021-07-13 02:10:07: Jarvis: Jarvis Development is up and running on port 3000
2021-07-13 02:10:07: mqtt: Die Verbindung wurde hergestellt.
2021-07-13 02:10:07: mongoose: Database connected
2021-07-13 02:10:27: influx: module was loaded
2021-07-13 02:10:27: Kalender: Modules was loaded
2021-07-13 02:10:28: mqtt: Modules was loaded
2021-07-13 02:10:28: ping: Modules was loaded
2021-07-13 02:10:29: System: Modules was loaded
2021-07-13 02:10:29: Jarvis: Jarvis Development is up and running on port 3000
2021-07-13 02:10:29: mqtt: Die Verbindung wurde hergestellt.
2021-07-13 02:10:29: mongoose: Database connected
2021-07-13 02:10:33: influx: module was loaded
2021-07-13 02:10:33: Kalender: Modules was loaded
2021-07-13 02:10:34: mqtt: Modules was loaded
2021-07-13 02:10:34: ping: Modules was loaded
2021-07-13 02:10:35: System: Modules was loaded
2021-07-13 02:10:35: Jarvis: Jarvis Development is up and running on port 3000
2021-07-13 02:10:35: mqtt: Die Verbindung wurde hergestellt.
2021-07-13 02:10:35: mongoose: Database connected
2021-07-13 02:10:42: influx: module was loaded
2021-07-13 02:10:42: Kalender: Modules was loaded
2021-07-13 02:10:43: mqtt: Modules was loaded
2021-07-13 02:10:43: ping: Modules was loaded
2021-07-13 02:10:44: System: Modules was loaded
2021-07-13 02:10:44: Jarvis: Jarvis Development is up and running on port 3000
2021-07-13 02:10:44: mqtt: Die Verbindung wurde hergestellt.
2021-07-13 02:10:44: mongoose: Database connected
2021-07-13 02:12:01: influx: module was loaded
2021-07-13 02:12:01: Kalender: Modules was loaded
2021-07-13 02:12:02: mqtt: Modules was loaded
2021-07-13 02:12:02: ping: Modules was loaded
2021-07-13 02:12:03: System: Modules was loaded
2021-07-13 02:12:03: Jarvis: Jarvis Development is up and running on port 3000
2021-07-13 02:12:03: mqtt: Die Verbindung wurde hergestellt.
2021-07-13 02:12:04: mongoose: Database connected
